<?xml version="1.0" encoding="UTF-8"?>
<!-- Generated by org.testng.reporters.JUnitXMLReporter -->
<testsuite ignored="0" hostname="Rajeshs-MacBook-Air.local" failures="12" tests="32" name="ChromeTest" time="8.444" errors="0" timestamp="2023-09-05T16:36:13 IST">
  <testcase classname="StepDefinitions.CareersTests" name="is_started" time="7.32"/>
  <testcase classname="StepDefinitions.CareersTests" name="user_launches_the_deutsche_bank_website" time="0.038">
    <failure type="org.openqa.selenium.NoSuchSessionException" message="Session ID is null. Using WebDriver after calling quit()?
Build info: version: &amp;apos;3.141.59&amp;apos;, revision: &amp;apos;e82be7d358&amp;apos;, time: &amp;apos;2018-11-14T08:17:03&amp;apos;
System info: host: &amp;apos;Rajeshs-MacBook-Air.local&amp;apos;, ip: &amp;apos;fe80:0:0:0:1480:483a:bc09:79a5%en0&amp;apos;, os.name: &amp;apos;Mac OS X&amp;apos;, os.arch: &amp;apos;x86_64&amp;apos;, os.version: &amp;apos;11.5&amp;apos;, java.version: &amp;apos;17.0.1&amp;apos;
Driver info: driver.version: RemoteWebDriver">
      <![CDATA[org.openqa.selenium.NoSuchSessionException: Session ID is null. Using WebDriver after calling quit()?
Build info: version: '3.141.59', revision: 'e82be7d358', time: '2018-11-14T08:17:03'
System info: host: 'Rajeshs-MacBook-Air.local', ip: 'fe80:0:0:0:1480:483a:bc09:79a5%en0', os.name: 'Mac OS X', os.arch: 'x86_64', os.version: '11.5', java.version: '17.0.1'
Driver info: driver.version: RemoteWebDriver
at org.openqa.selenium.remote.HttpCommandExecutor.execute(HttpCommandExecutor.java:125)
at org.openqa.selenium.remote.service.DriverCommandExecutor.execute(DriverCommandExecutor.java:83)
at org.openqa.selenium.remote.RemoteWebDriver.execute(RemoteWebDriver.java:552)
at org.openqa.selenium.remote.RemoteWebDriver.get(RemoteWebDriver.java:277)
at StepDefinitions.CareersTests.user_launches_the_deutsche_bank_website(CareersTests.java:109)
at java.base/java.util.ArrayList.forEach(ArrayList.java:1511)
... Removed 27 stack frames]]>
    </failure>
  </testcase> <!-- user_launches_the_deutsche_bank_website -->
  <testcase classname="StepDefinitions.CareersTests" name="deutsche_bank_home_page_is_displayed" time="0.007">
    <failure type="org.openqa.selenium.NoSuchSessionException" message="Session ID is null. Using WebDriver after calling quit()?
Build info: version: &amp;apos;3.141.59&amp;apos;, revision: &amp;apos;e82be7d358&amp;apos;, time: &amp;apos;2018-11-14T08:17:03&amp;apos;
System info: host: &amp;apos;Rajeshs-MacBook-Air.local&amp;apos;, ip: &amp;apos;fe80:0:0:0:1480:483a:bc09:79a5%en0&amp;apos;, os.name: &amp;apos;Mac OS X&amp;apos;, os.arch: &amp;apos;x86_64&amp;apos;, os.version: &amp;apos;11.5&amp;apos;, java.version: &amp;apos;17.0.1&amp;apos;
Driver info: driver.version: RemoteWebDriver">
      <![CDATA[org.openqa.selenium.NoSuchSessionException: Session ID is null. Using WebDriver after calling quit()?
Build info: version: '3.141.59', revision: 'e82be7d358', time: '2018-11-14T08:17:03'
System info: host: 'Rajeshs-MacBook-Air.local', ip: 'fe80:0:0:0:1480:483a:bc09:79a5%en0', os.name: 'Mac OS X', os.arch: 'x86_64', os.version: '11.5', java.version: '17.0.1'
Driver info: driver.version: RemoteWebDriver
at org.openqa.selenium.remote.HttpCommandExecutor.execute(HttpCommandExecutor.java:125)
at org.openqa.selenium.remote.service.DriverCommandExecutor.execute(DriverCommandExecutor.java:83)
at org.openqa.selenium.remote.RemoteWebDriver.execute(RemoteWebDriver.java:552)
at org.openqa.selenium.remote.RemoteWebDriver.findElement(RemoteWebDriver.java:323)
at org.openqa.selenium.remote.RemoteWebDriver.findElementByXPath(RemoteWebDriver.java:428)
at org.openqa.selenium.By$ByXPath.findElement(By.java:353)
at org.openqa.selenium.remote.RemoteWebDriver.findElement(RemoteWebDriver.java:315)
at StepDefinitions.CareersTests.deutsche_bank_home_page_is_displayed(CareersTests.java:119)
at java.base/java.util.ArrayList.forEach(ArrayList.java:1511)
... Removed 27 stack frames]]>
    </failure>
  </testcase> <!-- deutsche_bank_home_page_is_displayed -->
  <testcase classname="StepDefinitions.CareersTests" name="user_is_on_careers_page" time="0.003">
    <failure type="org.openqa.selenium.NoSuchSessionException" message="Session ID is null. Using WebDriver after calling quit()?
Build info: version: &amp;apos;3.141.59&amp;apos;, revision: &amp;apos;e82be7d358&amp;apos;, time: &amp;apos;2018-11-14T08:17:03&amp;apos;
System info: host: &amp;apos;Rajeshs-MacBook-Air.local&amp;apos;, ip: &amp;apos;fe80:0:0:0:1480:483a:bc09:79a5%en0&amp;apos;, os.name: &amp;apos;Mac OS X&amp;apos;, os.arch: &amp;apos;x86_64&amp;apos;, os.version: &amp;apos;11.5&amp;apos;, java.version: &amp;apos;17.0.1&amp;apos;
Driver info: driver.version: RemoteWebDriver">
      <![CDATA[org.openqa.selenium.NoSuchSessionException: Session ID is null. Using WebDriver after calling quit()?
Build info: version: '3.141.59', revision: 'e82be7d358', time: '2018-11-14T08:17:03'
System info: host: 'Rajeshs-MacBook-Air.local', ip: 'fe80:0:0:0:1480:483a:bc09:79a5%en0', os.name: 'Mac OS X', os.arch: 'x86_64', os.version: '11.5', java.version: '17.0.1'
Driver info: driver.version: RemoteWebDriver
at org.openqa.selenium.remote.HttpCommandExecutor.execute(HttpCommandExecutor.java:125)
at org.openqa.selenium.remote.service.DriverCommandExecutor.execute(DriverCommandExecutor.java:83)
at org.openqa.selenium.remote.RemoteWebDriver.execute(RemoteWebDriver.java:552)
at org.openqa.selenium.remote.RemoteWebDriver.findElement(RemoteWebDriver.java:323)
at org.openqa.selenium.remote.RemoteWebDriver.findElementByXPath(RemoteWebDriver.java:428)
at org.openqa.selenium.By$ByXPath.findElement(By.java:353)
at org.openqa.selenium.remote.RemoteWebDriver.findElement(RemoteWebDriver.java:315)
at StepDefinitions.CareersTests.user_is_on_careers_page(CareersTests.java:133)
at java.base/java.util.ArrayList.forEach(ArrayList.java:1511)
... Removed 27 stack frames]]>
    </failure>
  </testcase> <!-- user_is_on_careers_page -->
  <testcase classname="StepDefinitions.CareersTests" name="user_hovers_over_professionals_nav_and_clicks_on_search_roles" time="0.004">
    <failure type="org.openqa.selenium.NoSuchSessionException" message="Session ID is null. Using WebDriver after calling quit()?
Build info: version: &amp;apos;3.141.59&amp;apos;, revision: &amp;apos;e82be7d358&amp;apos;, time: &amp;apos;2018-11-14T08:17:03&amp;apos;
System info: host: &amp;apos;Rajeshs-MacBook-Air.local&amp;apos;, ip: &amp;apos;fe80:0:0:0:1480:483a:bc09:79a5%en0&amp;apos;, os.name: &amp;apos;Mac OS X&amp;apos;, os.arch: &amp;apos;x86_64&amp;apos;, os.version: &amp;apos;11.5&amp;apos;, java.version: &amp;apos;17.0.1&amp;apos;
Driver info: driver.version: RemoteWebDriver">
      <![CDATA[org.openqa.selenium.NoSuchSessionException: Session ID is null. Using WebDriver after calling quit()?
Build info: version: '3.141.59', revision: 'e82be7d358', time: '2018-11-14T08:17:03'
System info: host: 'Rajeshs-MacBook-Air.local', ip: 'fe80:0:0:0:1480:483a:bc09:79a5%en0', os.name: 'Mac OS X', os.arch: 'x86_64', os.version: '11.5', java.version: '17.0.1'
Driver info: driver.version: RemoteWebDriver
at org.openqa.selenium.remote.HttpCommandExecutor.execute(HttpCommandExecutor.java:125)
at org.openqa.selenium.remote.service.DriverCommandExecutor.execute(DriverCommandExecutor.java:83)
at org.openqa.selenium.remote.RemoteWebDriver.execute(RemoteWebDriver.java:552)
at org.openqa.selenium.remote.RemoteWebDriver.findElement(RemoteWebDriver.java:323)
at org.openqa.selenium.remote.RemoteWebDriver.findElementByXPath(RemoteWebDriver.java:428)
at org.openqa.selenium.By$ByXPath.findElement(By.java:353)
at org.openqa.selenium.remote.RemoteWebDriver.findElement(RemoteWebDriver.java:315)
at StepDefinitions.CareersTests.user_hovers_over_professionals_nav_and_clicks_on_search_roles(CareersTests.java:141)
at java.base/java.util.ArrayList.forEach(ArrayList.java:1511)
... Removed 27 stack frames]]>
    </failure>
  </testcase> <!-- user_hovers_over_professionals_nav_and_clicks_on_search_roles -->
  <testcase classname="StepDefinitions.CareersTests" name="user_enters_role_title_and_job_keyword_and_clicks_search_button" time="0.002">
    <failure type="org.openqa.selenium.NoSuchSessionException" message="Session ID is null. Using WebDriver after calling quit()?
Build info: version: &amp;apos;3.141.59&amp;apos;, revision: &amp;apos;e82be7d358&amp;apos;, time: &amp;apos;2018-11-14T08:17:03&amp;apos;
System info: host: &amp;apos;Rajeshs-MacBook-Air.local&amp;apos;, ip: &amp;apos;fe80:0:0:0:1480:483a:bc09:79a5%en0&amp;apos;, os.name: &amp;apos;Mac OS X&amp;apos;, os.arch: &amp;apos;x86_64&amp;apos;, os.version: &amp;apos;11.5&amp;apos;, java.version: &amp;apos;17.0.1&amp;apos;
Driver info: driver.version: RemoteWebDriver">
      <![CDATA[org.openqa.selenium.NoSuchSessionException: Session ID is null. Using WebDriver after calling quit()?
Build info: version: '3.141.59', revision: 'e82be7d358', time: '2018-11-14T08:17:03'
System info: host: 'Rajeshs-MacBook-Air.local', ip: 'fe80:0:0:0:1480:483a:bc09:79a5%en0', os.name: 'Mac OS X', os.arch: 'x86_64', os.version: '11.5', java.version: '17.0.1'
Driver info: driver.version: RemoteWebDriver
at org.openqa.selenium.remote.HttpCommandExecutor.execute(HttpCommandExecutor.java:125)
at org.openqa.selenium.remote.service.DriverCommandExecutor.execute(DriverCommandExecutor.java:83)
at org.openqa.selenium.remote.RemoteWebDriver.execute(RemoteWebDriver.java:552)
at org.openqa.selenium.remote.RemoteWebDriver.findElement(RemoteWebDriver.java:323)
at org.openqa.selenium.remote.RemoteWebDriver.findElementByXPath(RemoteWebDriver.java:428)
at org.openqa.selenium.By$ByXPath.findElement(By.java:353)
at org.openqa.selenium.remote.RemoteWebDriver.findElement(RemoteWebDriver.java:315)
at StepDefinitions.CareersTests.user_enters_role_title_and_job_keyword_and_clicks_search_button(CareersTests.java:168)
at java.base/java.util.ArrayList.forEach(ArrayList.java:1511)
... Removed 27 stack frames]]>
    </failure>
  </testcase> <!-- user_enters_role_title_and_job_keyword_and_clicks_search_button -->
  <testcase classname="StepDefinitions.CareersTests" name="search_results_are_displayed_containing_the_keyword" time="0.002">
    <failure type="org.openqa.selenium.NoSuchSessionException" message="Session ID is null. Using WebDriver after calling quit()?
Build info: version: &amp;apos;3.141.59&amp;apos;, revision: &amp;apos;e82be7d358&amp;apos;, time: &amp;apos;2018-11-14T08:17:03&amp;apos;
System info: host: &amp;apos;Rajeshs-MacBook-Air.local&amp;apos;, ip: &amp;apos;fe80:0:0:0:1480:483a:bc09:79a5%en0&amp;apos;, os.name: &amp;apos;Mac OS X&amp;apos;, os.arch: &amp;apos;x86_64&amp;apos;, os.version: &amp;apos;11.5&amp;apos;, java.version: &amp;apos;17.0.1&amp;apos;
Driver info: driver.version: RemoteWebDriver">
      <![CDATA[org.openqa.selenium.NoSuchSessionException: Session ID is null. Using WebDriver after calling quit()?
Build info: version: '3.141.59', revision: 'e82be7d358', time: '2018-11-14T08:17:03'
System info: host: 'Rajeshs-MacBook-Air.local', ip: 'fe80:0:0:0:1480:483a:bc09:79a5%en0', os.name: 'Mac OS X', os.arch: 'x86_64', os.version: '11.5', java.version: '17.0.1'
Driver info: driver.version: RemoteWebDriver
at org.openqa.selenium.remote.HttpCommandExecutor.execute(HttpCommandExecutor.java:125)
at org.openqa.selenium.remote.service.DriverCommandExecutor.execute(DriverCommandExecutor.java:83)
at org.openqa.selenium.remote.RemoteWebDriver.execute(RemoteWebDriver.java:552)
at org.openqa.selenium.remote.RemoteWebDriver.findElement(RemoteWebDriver.java:323)
at org.openqa.selenium.remote.RemoteWebDriver.findElementByXPath(RemoteWebDriver.java:428)
at org.openqa.selenium.By$ByXPath.findElement(By.java:353)
at org.openqa.selenium.remote.RemoteWebDriver.findElement(RemoteWebDriver.java:315)
at StepDefinitions.CareersTests.search_results_are_displayed_containing_the_keyword(CareersTests.java:198)
at java.base/java.util.ArrayList.forEach(ArrayList.java:1511)
... Removed 27 stack frames]]>
    </failure>
  </testcase> <!-- search_results_are_displayed_containing_the_keyword -->
  <testcase classname="StepDefinitions.CareersTests" name="user_is_on_search_roles_form" time="0.007">
    <failure type="org.openqa.selenium.NoSuchSessionException" message="Session ID is null. Using WebDriver after calling quit()?
Build info: version: &amp;apos;3.141.59&amp;apos;, revision: &amp;apos;e82be7d358&amp;apos;, time: &amp;apos;2018-11-14T08:17:03&amp;apos;
System info: host: &amp;apos;Rajeshs-MacBook-Air.local&amp;apos;, ip: &amp;apos;fe80:0:0:0:1480:483a:bc09:79a5%en0&amp;apos;, os.name: &amp;apos;Mac OS X&amp;apos;, os.arch: &amp;apos;x86_64&amp;apos;, os.version: &amp;apos;11.5&amp;apos;, java.version: &amp;apos;17.0.1&amp;apos;
Driver info: driver.version: RemoteWebDriver">
      <![CDATA[org.openqa.selenium.NoSuchSessionException: Session ID is null. Using WebDriver after calling quit()?
Build info: version: '3.141.59', revision: 'e82be7d358', time: '2018-11-14T08:17:03'
System info: host: 'Rajeshs-MacBook-Air.local', ip: 'fe80:0:0:0:1480:483a:bc09:79a5%en0', os.name: 'Mac OS X', os.arch: 'x86_64', os.version: '11.5', java.version: '17.0.1'
Driver info: driver.version: RemoteWebDriver
at org.openqa.selenium.remote.HttpCommandExecutor.execute(HttpCommandExecutor.java:125)
at org.openqa.selenium.remote.service.DriverCommandExecutor.execute(DriverCommandExecutor.java:83)
at org.openqa.selenium.remote.RemoteWebDriver.execute(RemoteWebDriver.java:552)
at org.openqa.selenium.remote.RemoteWebDriver.execute(RemoteWebDriver.java:609)
at org.openqa.selenium.remote.RemoteWebDriver.getCurrentUrl(RemoteWebDriver.java:287)
at StepDefinitions.CareersTests.user_is_on_search_roles_form(CareersTests.java:229)
at java.base/java.util.ArrayList.forEach(ArrayList.java:1511)
... Removed 27 stack frames]]>
    </failure>
  </testcase> <!-- user_is_on_search_roles_form -->
  <testcase classname="StepDefinitions.CareersTests" name="location_is_set_to_and_job_type_to" time="0.0">
    <failure type="org.testng.TestNGException" message="
Cannot inject @Test annotated Method [location_is_set_to_and_job_type_to] with [class java.lang.String, class java.lang.String].
For more information on native dependency injection please refer to https://testng.org/doc/documentation-main.html#native-dependency-injection">
      <![CDATA[org.testng.TestNGException: 
Cannot inject @Test annotated Method [location_is_set_to_and_job_type_to] with [class java.lang.String, class java.lang.String].
For more information on native dependency injection please refer to https://testng.org/doc/documentation-main.html#native-dependency-injection
at java.base/java.util.ArrayList.forEach(ArrayList.java:1511)
... Removed 26 stack frames]]>
    </failure>
  </testcase> <!-- location_is_set_to_and_job_type_to -->
  <testcase classname="StepDefinitions.CareersTests" name="search_button_is_clicked" time="0.001">
    <failure type="org.openqa.selenium.NoSuchSessionException" message="Session ID is null. Using WebDriver after calling quit()?
Build info: version: &amp;apos;3.141.59&amp;apos;, revision: &amp;apos;e82be7d358&amp;apos;, time: &amp;apos;2018-11-14T08:17:03&amp;apos;
System info: host: &amp;apos;Rajeshs-MacBook-Air.local&amp;apos;, ip: &amp;apos;fe80:0:0:0:1480:483a:bc09:79a5%en0&amp;apos;, os.name: &amp;apos;Mac OS X&amp;apos;, os.arch: &amp;apos;x86_64&amp;apos;, os.version: &amp;apos;11.5&amp;apos;, java.version: &amp;apos;17.0.1&amp;apos;
Driver info: driver.version: RemoteWebDriver">
      <![CDATA[org.openqa.selenium.NoSuchSessionException: Session ID is null. Using WebDriver after calling quit()?
Build info: version: '3.141.59', revision: 'e82be7d358', time: '2018-11-14T08:17:03'
System info: host: 'Rajeshs-MacBook-Air.local', ip: 'fe80:0:0:0:1480:483a:bc09:79a5%en0', os.name: 'Mac OS X', os.arch: 'x86_64', os.version: '11.5', java.version: '17.0.1'
Driver info: driver.version: RemoteWebDriver
at org.openqa.selenium.remote.HttpCommandExecutor.execute(HttpCommandExecutor.java:125)
at org.openqa.selenium.remote.service.DriverCommandExecutor.execute(DriverCommandExecutor.java:83)
at org.openqa.selenium.remote.RemoteWebDriver.execute(RemoteWebDriver.java:552)
at org.openqa.selenium.remote.RemoteWebDriver.findElement(RemoteWebDriver.java:323)
at org.openqa.selenium.remote.RemoteWebDriver.findElementByXPath(RemoteWebDriver.java:428)
at org.openqa.selenium.By$ByXPath.findElement(By.java:353)
at org.openqa.selenium.remote.RemoteWebDriver.findElement(RemoteWebDriver.java:315)
at StepDefinitions.CareersTests.search_button_is_clicked(CareersTests.java:251)
at java.base/java.util.ArrayList.forEach(ArrayList.java:1511)
... Removed 27 stack frames]]>
    </failure>
  </testcase> <!-- search_button_is_clicked -->
  <testcase classname="StepDefinitions.CareersTests" name="job_listings_should_be_filtered_based_on_the_selected_criteria" time="0.001"/>
  <testcase classname="StepDefinitions.CareersTests" name="user_is_on_search_roles_page" time="0.004"/>
  <testcase classname="StepDefinitions.CareersTests" name="search_is_left_empty" time="0.002"/>
  <testcase classname="StepDefinitions.CareersTests" name="search_button_is_clicked_now" time="0.001"/>
  <testcase classname="StepDefinitions.CareersTests" name="job_listings_page_should_open_with_jobs_listings_without_any_filter" time="0.001"/>
  <testcase classname="StepDefinitions.CareersTests" name="search_results_are_listed_in_more_than_one_page" time="0.002"/>
  <testcase classname="StepDefinitions.CareersTests" name="user_scrolls_to_the_bottom_of_the_search_results_page" time="0.004"/>
  <testcase classname="StepDefinitions.CareersTests" name="user_clicks_on_the_next_button" time="0.002"/>
  <testcase classname="StepDefinitions.CareersTests" name="next_page_of_search_results_should_be_displayed" time="0.001"/>
  <testcase classname="StepDefinitions.CareersTests" name="a_search_has_been_performed" time="0.003"/>
  <testcase classname="StepDefinitions.CareersTests" name="user_clicks_on_the_reset_button" time="0.001"/>
  <testcase classname="StepDefinitions.CareersTests" name="the_search_results_should_be_cleared_and_return_to_the_default_view" time="0.001"/>
  <testcase classname="StepDefinitions.CareersTests" name="user_entered_keyword_in_the_search_bar" time="0.0">
    <failure type="org.testng.TestNGException" message="
Cannot inject @Test annotated Method [user_entered_keyword_in_the_search_bar] with [class java.lang.String].
For more information on native dependency injection please refer to https://testng.org/doc/documentation-main.html#native-dependency-injection">
      <![CDATA[org.testng.TestNGException: 
Cannot inject @Test annotated Method [user_entered_keyword_in_the_search_bar] with [class java.lang.String].
For more information on native dependency injection please refer to https://testng.org/doc/documentation-main.html#native-dependency-injection
at java.base/java.util.ArrayList.forEach(ArrayList.java:1511)
... Removed 26 stack frames]]>
    </failure>
  </testcase> <!-- user_entered_keyword_in_the_search_bar -->
  <testcase classname="StepDefinitions.CareersTests" name="user_clicks_on_search_button" time="0.003"/>
  <testcase classname="StepDefinitions.CareersTests" name="the_count_of_displayed_search_results_should_match_the_actual_number_of_results" time="0.001"/>
  <testcase classname="StepDefinitions.CareersTests" name="a_search_is_performed" time="0.0"/>
  <testcase classname="StepDefinitions.CareersTests" name="user_clicks_on_a_search_result" time="0.001"/>
  <testcase classname="StepDefinitions.CareersTests" name="the_job_details_page_should_display_accurate_information_about_the_selected_job_listing" time="0.001"/>
  <testcase classname="StepDefinitions.CareersTests" name="user_navigates_to_search_roles_page" time="0.002"/>
  <testcase classname="StepDefinitions.CareersTests" name="user_enters_in_the_role_title_field" time="0.0">
    <failure type="org.testng.TestNGException" message="
Cannot inject @Test annotated Method [user_enters_in_the_role_title_field] with [class java.lang.String].
For more information on native dependency injection please refer to https://testng.org/doc/documentation-main.html#native-dependency-injection">
      <![CDATA[org.testng.TestNGException: 
Cannot inject @Test annotated Method [user_enters_in_the_role_title_field] with [class java.lang.String].
For more information on native dependency injection please refer to https://testng.org/doc/documentation-main.html#native-dependency-injection
at java.base/java.util.ArrayList.forEach(ArrayList.java:1511)
... Removed 26 stack frames]]>
    </failure>
  </testcase> <!-- user_enters_in_the_role_title_field -->
  <testcase classname="StepDefinitions.CareersTests" name="user_enters_in_the_job_ID_keyword_field" time="0.0">
    <failure type="org.testng.TestNGException" message="
Cannot inject @Test annotated Method [user_enters_in_the_job_ID_keyword_field] with [class java.lang.String].
For more information on native dependency injection please refer to https://testng.org/doc/documentation-main.html#native-dependency-injection">
      <![CDATA[org.testng.TestNGException: 
Cannot inject @Test annotated Method [user_enters_in_the_job_ID_keyword_field] with [class java.lang.String].
For more information on native dependency injection please refer to https://testng.org/doc/documentation-main.html#native-dependency-injection
at java.base/java.util.ArrayList.forEach(ArrayList.java:1511)
... Removed 26 stack frames]]>
    </failure>
  </testcase> <!-- user_enters_in_the_job_ID_keyword_field -->
  <testcase classname="StepDefinitions.CareersTests" name="relevant_job_listings_that_match_both_keywords_should_be_displayed" time="0.002"/>
</testsuite> <!-- ChromeTest -->
